<?xml version="1.0" encoding="UTF-8"?>
<!-- Generated by org.testng.reporters.JUnitXMLReporter -->
<testsuite ignored="0" hostname="VijayshreeC-ML" failures="0" tests="3" name="GoogleChrome1" time="104.957" errors="0" timestamp="2020-04-25T23:19:37 IST">
  <testcase classname="com.Testcases.Test2Test" name="executeFirst2Testcase" time="27.185"/>
  <testcase classname="com.Testcases.Test1Test" name="executeFirstTest" time="29.098"/>
  <testcase classname="com.Testcases.Test2Test" name="executeFirst2Testcase" time="6.069"/>
</testsuite> <!-- GoogleChrome1 -->
