<?xml version="1.0" encoding="UTF-8"?>
<testng-results ignored="0" total="2" passed="2" failed="0" skipped="0">
  <reporter-output>
  </reporter-output>
  <suite started-at="2020-05-22T16:19:53 IST" name="GoogleSearch" finished-at="2020-05-22T16:20:34 IST" duration-ms="41516">
    <groups>
    </groups>
    <test started-at="2020-05-22T16:19:53 IST" name="GoogleChrome1" finished-at="2020-05-22T16:20:34 IST" duration-ms="41516">
      <class name="com.Testcases.Test1Test">
        <test-method is-config="true" signature="openBrowser(java.lang.String)[pri:0, instance:com.Testcases.Test1Test@7c7b252e]" started-at="2020-05-22T16:19:53 IST" name="openBrowser" finished-at="2020-05-22T16:20:11 IST" duration-ms="17732" status="PASS">
          <params>
            <param index="0">
              <value>
                <![CDATA[chrome]]>
              </value>
            </param>
          </params>
          <reporter-output>
          </reporter-output>
        </test-method> <!-- openBrowser -->
        <test-method signature="executeFirstTest()[pri:0, instance:com.Testcases.Test1Test@7c7b252e]" started-at="2020-05-22T16:20:11 IST" name="executeFirstTest" finished-at="2020-05-22T16:20:17 IST" duration-ms="6016" status="PASS">
          <reporter-output>
          </reporter-output>
        </test-method> <!-- executeFirstTest -->
        <test-method is-config="true" signature="closeBrowser()[pri:0, instance:com.Testcases.Test1Test@7c7b252e]" started-at="2020-05-22T16:20:17 IST" name="closeBrowser" finished-at="2020-05-22T16:20:19 IST" duration-ms="1784" status="PASS">
          <reporter-output>
          </reporter-output>
        </test-method> <!-- closeBrowser -->
      </class> <!-- com.Testcases.Test1Test -->
      <class name="com.Testcases.Test2Test">
        <test-method is-config="true" signature="openBrowser(java.lang.String)[pri:0, instance:com.Testcases.Test2Test@4d5d943d]" started-at="2020-05-22T16:20:19 IST" name="openBrowser" finished-at="2020-05-22T16:20:26 IST" duration-ms="7649" status="PASS">
          <params>
            <param index="0">
              <value>
                <![CDATA[chrome]]>
              </value>
            </param>
          </params>
          <reporter-output>
          </reporter-output>
        </test-method> <!-- openBrowser -->
        <test-method signature="executeFirst2Testcase()[pri:0, instance:com.Testcases.Test2Test@4d5d943d]" started-at="2020-05-22T16:20:26 IST" name="executeFirst2Testcase" finished-at="2020-05-22T16:20:33 IST" duration-ms="6856" status="PASS">
          <reporter-output>
          </reporter-output>
        </test-method> <!-- executeFirst2Testcase -->
        <test-method is-config="true" signature="closeBrowser()[pri:0, instance:com.Testcases.Test2Test@4d5d943d]" started-at="2020-05-22T16:20:33 IST" name="closeBrowser" finished-at="2020-05-22T16:20:34 IST" duration-ms="1309" status="PASS">
          <reporter-output>
          </reporter-output>
        </test-method> <!-- closeBrowser -->
      </class> <!-- com.Testcases.Test2Test -->
    </test> <!-- GoogleChrome1 -->
  </suite> <!-- GoogleSearch -->
</testng-results>
