<?xml version="1.0" encoding="UTF-8"?>
<testng-results ignored="0" total="2" passed="2" failed="0" skipped="0">
  <reporter-output>
  </reporter-output>
  <suite started-at="2020-04-25T23:17:52 IST" name="GoogleSearch" finished-at="2020-04-25T23:19:37 IST" duration-ms="104957">
    <groups>
    </groups>
    <test started-at="2020-04-25T23:17:52 IST" name="GoogleChrome1" finished-at="2020-04-25T23:19:37 IST" duration-ms="104957">
      <class name="com.Testcases.Test1Test">
        <test-method is-config="true" signature="openBrowser(java.lang.String)[pri:0, instance:com.Testcases.Test1Test@3023df74]" started-at="2020-04-25T23:17:52 IST" name="openBrowser" finished-at="2020-04-25T23:18:54 IST" duration-ms="62227" status="PASS">
          <params>
            <param index="0">
              <value>
                <![CDATA[chrome]]>
              </value>
            </param>
          </params>
          <reporter-output>
          </reporter-output>
        </test-method> <!-- openBrowser -->
        <test-method signature="executeFirstTest()[pri:0, instance:com.Testcases.Test1Test@3023df74]" started-at="2020-04-25T23:18:54 IST" name="executeFirstTest" finished-at="2020-04-25T23:19:23 IST" duration-ms="29098" status="PASS">
          <reporter-output>
          </reporter-output>
        </test-method> <!-- executeFirstTest -->
        <test-method is-config="true" signature="closeBrowser()[pri:0, instance:com.Testcases.Test1Test@3023df74]" started-at="2020-04-25T23:19:23 IST" name="closeBrowser" finished-at="2020-04-25T23:19:24 IST" duration-ms="1308" status="PASS">
          <reporter-output>
          </reporter-output>
        </test-method> <!-- closeBrowser -->
      </class> <!-- com.Testcases.Test1Test -->
      <class name="com.Testcases.Test2Test">
        <test-method is-config="true" signature="openBrowser(java.lang.String)[pri:0, instance:com.Testcases.Test2Test@313ac989]" started-at="2020-04-25T23:19:24 IST" name="openBrowser" finished-at="2020-04-25T23:19:29 IST" duration-ms="4941" status="PASS">
          <params>
            <param index="0">
              <value>
                <![CDATA[chrome]]>
              </value>
            </param>
          </params>
          <reporter-output>
          </reporter-output>
        </test-method> <!-- openBrowser -->
        <test-method signature="executeFirst2Testcase()[pri:0, instance:com.Testcases.Test2Test@313ac989]" started-at="2020-04-25T23:19:29 IST" name="executeFirst2Testcase" finished-at="2020-04-25T23:19:35 IST" duration-ms="6069" status="PASS">
          <reporter-output>
          </reporter-output>
        </test-method> <!-- executeFirst2Testcase -->
        <test-method is-config="true" signature="closeBrowser()[pri:0, instance:com.Testcases.Test2Test@313ac989]" started-at="2020-04-25T23:19:35 IST" name="closeBrowser" finished-at="2020-04-25T23:19:37 IST" duration-ms="1261" status="PASS">
          <reporter-output>
          </reporter-output>
        </test-method> <!-- closeBrowser -->
      </class> <!-- com.Testcases.Test2Test -->
    </test> <!-- GoogleChrome1 -->
  </suite> <!-- GoogleSearch -->
</testng-results>
