<?xml version="1.0" encoding="UTF-8"?>
<testng-results ignored="0" total="2" passed="2" failed="0" skipped="0">
  <reporter-output>
  </reporter-output>
  <suite started-at="2020-04-27T20:55:10 IST" name="GoogleSearch" finished-at="2020-04-27T20:55:42 IST" duration-ms="31490">
    <groups>
    </groups>
    <test started-at="2020-04-27T20:55:10 IST" name="GoogleChrome1" finished-at="2020-04-27T20:55:42 IST" duration-ms="31490">
      <class name="com.Testcases.Test1Test">
        <test-method is-config="true" signature="openBrowser(java.lang.String)[pri:0, instance:com.Testcases.Test1Test@152aa092]" started-at="2020-04-27T20:55:10 IST" name="openBrowser" finished-at="2020-04-27T20:55:18 IST" duration-ms="7470" status="PASS">
          <params>
            <param index="0">
              <value>
                <![CDATA[chrome]]>
              </value>
            </param>
          </params>
          <reporter-output>
          </reporter-output>
        </test-method> <!-- openBrowser -->
        <test-method signature="executeFirstTest()[pri:0, instance:com.Testcases.Test1Test@152aa092]" started-at="2020-04-27T20:55:18 IST" name="executeFirstTest" finished-at="2020-04-27T20:55:24 IST" duration-ms="6257" status="PASS">
          <reporter-output>
          </reporter-output>
        </test-method> <!-- executeFirstTest -->
        <test-method is-config="true" signature="closeBrowser()[pri:0, instance:com.Testcases.Test1Test@152aa092]" started-at="2020-04-27T20:55:24 IST" name="closeBrowser" finished-at="2020-04-27T20:55:25 IST" duration-ms="1360" status="PASS">
          <reporter-output>
          </reporter-output>
        </test-method> <!-- closeBrowser -->
      </class> <!-- com.Testcases.Test1Test -->
      <class name="com.Testcases.Test2Test">
        <test-method is-config="true" signature="openBrowser(java.lang.String)[pri:0, instance:com.Testcases.Test2Test@44a7bfbc]" started-at="2020-04-27T20:55:25 IST" name="openBrowser" finished-at="2020-04-27T20:55:31 IST" duration-ms="5959" status="PASS">
          <params>
            <param index="0">
              <value>
                <![CDATA[chrome]]>
              </value>
            </param>
          </params>
          <reporter-output>
          </reporter-output>
        </test-method> <!-- openBrowser -->
        <test-method signature="executeFirst2Testcase()[pri:0, instance:com.Testcases.Test2Test@44a7bfbc]" started-at="2020-04-27T20:55:31 IST" name="executeFirst2Testcase" finished-at="2020-04-27T20:55:40 IST" duration-ms="9059" status="PASS">
          <reporter-output>
          </reporter-output>
        </test-method> <!-- executeFirst2Testcase -->
        <test-method is-config="true" signature="closeBrowser()[pri:0, instance:com.Testcases.Test2Test@44a7bfbc]" started-at="2020-04-27T20:55:40 IST" name="closeBrowser" finished-at="2020-04-27T20:55:42 IST" duration-ms="1323" status="PASS">
          <reporter-output>
          </reporter-output>
        </test-method> <!-- closeBrowser -->
      </class> <!-- com.Testcases.Test2Test -->
    </test> <!-- GoogleChrome1 -->
  </suite> <!-- GoogleSearch -->
</testng-results>
